{"level":"info","message":"Server listening on port 3000","timestamp":"22:03:03"}
{"level":"info","message":"Socket connected.","timestamp":"22:03:07"}
{"level":"info","message":"Start uploading","timestamp":"22:03:13"}
{"level":"info","message":"Upload Complete.","timestamp":"22:03:13"}
{"level":"info","message":"Start of detectFaces function","timestamp":"22:03:17"}
{"level":"debug","message":"Face detection successful by Watson","timestamp":"22:03:17"}
{"level":"info","message":"End of detectFaces function","timestamp":"22:03:17"}
{"level":"info","message":"Start getTotalFaces Function","timestamp":"22:03:17"}
{"level":"debug","message":"Total Faces: 5","timestamp":"22:03:17"}
{"level":"info","message":"End of getTotalFaces Function","timestamp":"22:03:17"}
{"level":"info","message":"Start getAverageAges Function","timestamp":"22:03:17"}
{"level":"verbose","message":"Loop Start","timestamp":"22:03:17"}
{"level":"debug","message":"Iteration0 Face-1 Average Age: 29.5","timestamp":"22:03:17"}
{"level":"debug","message":"Iteration1 Face-2 Average Age: 20","timestamp":"22:03:17"}
{"level":"debug","message":"Iteration2 Face-3 Average Age: 28.5","timestamp":"22:03:17"}
{"level":"debug","message":"Iteration3 Face-4 Average Age: 24.5","timestamp":"22:03:17"}
{"level":"debug","message":"Iteration4 Face-5 Average Age: 24.5","timestamp":"22:03:17"}
{"level":"verbose","message":"Loop End","timestamp":"22:03:17"}
{"level":"info","message":"End of getAverageAges Function","timestamp":"22:03:17"}
{"level":"info","message":"Start getGenders Function","timestamp":"22:03:17"}
{"level":"verbose","message":"Loop Start","timestamp":"22:03:17"}
{"level":"debug","message":"Iteration0 Face-1 Gender: MALE","timestamp":"22:03:17"}
{"level":"debug","message":"Iteration1 Face-2 Gender: FEMALE","timestamp":"22:03:17"}
{"level":"debug","message":"Iteration2 Face-3 Gender: MALE","timestamp":"22:03:17"}
{"level":"debug","message":"Iteration3 Face-4 Gender: MALE","timestamp":"22:03:17"}
{"level":"debug","message":"Iteration4 Face-5 Gender: FEMALE","timestamp":"22:03:17"}
{"level":"verbose","message":"Loop End","timestamp":"22:03:17"}
{"level":"info","message":"End of getGenders Function","timestamp":"22:03:17"}
{"level":"info","message":"Start getFaceLocations Function","timestamp":"22:03:17"}
{"level":"verbose","message":"Loop Start","timestamp":"22:03:17"}
{"level":"debug","message":"Iteration0 Face-1 x-position: 234 y-position: 108 height: 110 width: 95","timestamp":"22:03:17"}
{"level":"debug","message":"Iteration1 Face-2 x-position: 338 y-position: 65 height: 98 width: 86","timestamp":"22:03:17"}
{"level":"debug","message":"Iteration2 Face-3 x-position: 58 y-position: 124 height: 89 width: 96","timestamp":"22:03:17"}
{"level":"debug","message":"Iteration3 Face-4 x-position: 421 y-position: 31 height: 90 width: 110","timestamp":"22:03:17"}
{"level":"debug","message":"Iteration4 Face-5 x-position: 398 y-position: 158 height: 99 width: 80","timestamp":"22:03:17"}
{"level":"verbose","message":"Loop End","timestamp":"22:03:17"}
{"level":"info","message":"End of getFaceLocations Function","timestamp":"22:03:17"}
{"level":"info","message":"Start of createMessage function","timestamp":"22:03:17"}
{"level":"verbose","message":"Loop Start","timestamp":"22:03:17"}
{"level":"debug","message":"Iteration0 text:- There are Total 5 faces! ,Face 1 has an average age of 29.5 and is a MALE,","timestamp":"22:03:17"}
{"level":"debug","message":"Iteration1 text:- There are Total 5 faces! ,Face 1 has an average age of 29.5 and is a MALE,Face 2 has an average age of 20 and is a FEMALE,","timestamp":"22:03:17"}
{"level":"debug","message":"Iteration2 text:- There are Total 5 faces! ,Face 1 has an average age of 29.5 and is a MALE,Face 2 has an average age of 20 and is a FEMALE,Face 3 has an average age of 28.5 and is a MALE,","timestamp":"22:03:17"}
{"level":"debug","message":"Iteration3 text:- There are Total 5 faces! ,Face 1 has an average age of 29.5 and is a MALE,Face 2 has an average age of 20 and is a FEMALE,Face 3 has an average age of 28.5 and is a MALE,Face 4 has an average age of 24.5 and is a MALE,","timestamp":"22:03:17"}
{"level":"debug","message":"Iteration4 text:- There are Total 5 faces! ,Face 1 has an average age of 29.5 and is a MALE,Face 2 has an average age of 20 and is a FEMALE,Face 3 has an average age of 28.5 and is a MALE,Face 4 has an average age of 24.5 and is a MALE,Face 5 has an average age of 24.5 and is a FEMALE,","timestamp":"22:03:17"}
{"level":"verbose","message":"Loop End","timestamp":"22:03:17"}
{"level":"info","message":"End of createMessage function","timestamp":"22:03:17"}
